[2020-03-16 22:13:54,089] SEVERE {b7a.log.crash} - org/apache/commons/compress/archivers/ArchiveException 
java.lang.NoClassDefFoundError: org/apache/commons/compress/archivers/ArchiveException
	at irushi.create_zip.main.createZip(main.bal:16)
	at irushi.create_zip.main.main(main.bal:7)
	at irushi.create_zip.___init.$lambda$main$(create_zip)
	at org.ballerinalang.jvm.scheduling.SchedulerItem.execute(Scheduler.java:426)
	at org.ballerinalang.jvm.scheduling.Scheduler.run(Scheduler.java:218)
	at org.ballerinalang.jvm.scheduling.Scheduler.runSafely(Scheduler.java:191)
	at java.lang.Thread.run(Thread.java:748)
Caused by: java.lang.ClassNotFoundException: org.apache.commons.compress.archivers.ArchiveException
	at java.net.URLClassLoader.findClass(URLClassLoader.java:382)
	at java.lang.ClassLoader.loadClass(ClassLoader.java:424)
	at sun.misc.Launcher$AppClassLoader.loadClass(Launcher.java:349)
	at java.lang.ClassLoader.loadClass(ClassLoader.java:357)
	... 7 more
 
[2020-03-16 22:13:54,098] SEVERE {b7a.log.crash} - org/apache/commons/compress/archivers/ArchiveException 
java.lang.NoClassDefFoundError: org/apache/commons/compress/archivers/ArchiveException
	at irushi.create_zip.main.createZip(main.bal:16)
	at irushi.create_zip.main.main(main.bal:7)
	at irushi.create_zip.___init.$lambda$main$(create_zip)
	at org.ballerinalang.jvm.scheduling.SchedulerItem.execute(Scheduler.java:426)
	at org.ballerinalang.jvm.scheduling.Scheduler.run(Scheduler.java:218)
	at org.ballerinalang.jvm.scheduling.Scheduler.runSafely(Scheduler.java:191)
	at java.lang.Thread.run(Thread.java:748)
Caused by: java.lang.ClassNotFoundException: org.apache.commons.compress.archivers.ArchiveException
	at java.net.URLClassLoader.findClass(URLClassLoader.java:382)
	at java.lang.ClassLoader.loadClass(ClassLoader.java:424)
	at sun.misc.Launcher$AppClassLoader.loadClass(Launcher.java:349)
	at java.lang.ClassLoader.loadClass(ClassLoader.java:357)
	... 7 more
 
